#"Step","Potential Energy (kJ/mole)","Kinetic Energy (kJ/mole)","Total Energy (kJ/mole)","Temperature (K)","Box Volume (nm^3)","Speed (ns/day)"
5000,-229332.14598337933,65483.02125305263,-163849.1247303267,297.6716751612943,313.4611303366879,0
10000,-230078.69199319463,65780.11028149305,-164298.58171170158,299.02217773548296,307.7158118505237,213
15000,-232520.49193300982,65684.15655844135,-166836.33537456847,298.585992829347,303.000283844147,215
20000,-232291.1253704005,65634.01318478014,-166657.11218562035,298.35805187991696,303.5254377268175,214
25000,-232027.50362900738,65207.72619592992,-166819.77743307746,296.4202432748414,303.7322550295128,215
30000,-232534.55018773326,65307.40671932488,-167227.14346840838,296.87336941062654,303.46144517023254,214
35000,-231672.48916779528,66339.19392759213,-165333.29524020315,301.56365127022525,304.92724181439985,215
40000,-230864.81932832836,65480.59336737747,-165384.2259609509,297.6606385172575,303.7789272054817,215
45000,-231964.32437963528,66651.62731688528,-165312.69706275,302.98390599561145,303.4766280030527,215
50000,-232267.8954949507,65762.05242531002,-166505.8430696407,298.9400906204268,302.65855200681557,215
55000,-232705.8995286557,65687.74650949286,-167018.15301916283,298.60231197166513,301.46421676999057,215
60000,-232290.56223728275,66266.05151117663,-166024.51072610612,301.23116163851427,302.09158340342447,215
65000,-232128.0525905455,65555.02827088232,-166573.02431966318,297.9990035161956,302.09302315775926,214
70000,-233021.76534751826,66475.43308038334,-166546.33226713492,302.1829650413049,301.16861580551904,214
75000,-232338.29093322484,65326.506180656084,-167011.78475256875,296.9601914377772,300.88695323031413,214
80000,-233056.00392142846,65485.685188683536,-167570.31873274493,297.68378483746073,301.35584767018713,214
85000,-233144.07463486027,65346.74858291028,-167797.32605195,297.0522090275736,300.3831087901042,214
90000,-233143.2230574931,65575.33592633391,-167567.8871311592,298.0913177329376,301.6205757100622,214
95000,-231950.80693088425,66363.73422006646,-165587.0727108178,301.67520614093826,303.1407360458428,214
100000,-233234.49705460388,65911.45332455111,-167323.04373005277,299.61923484891076,301.41257358852806,214
105000,-233634.5995083952,65520.642104881175,-168113.957403514,297.84269143040507,300.4532365931556,214
110000,-232746.12165414193,65852.30984558666,-166893.81180855527,299.3503813641245,300.89350929775844,214
115000,-232373.3527142047,66205.93267427347,-166167.42003993122,300.95787438714336,301.3040535218174,214
120000,-231481.0140399076,65292.07113632129,-166188.9429035863,296.8036571616359,303.52337819400884,214
125000,-232841.4351407718,65914.58603430336,-166926.84910646843,299.6334754710125,301.6448167423429,214
130000,-232157.15695953113,66189.72172569277,-165967.43523383836,300.8841829152529,302.09610233731024,214
135000,-232335.10293467203,65583.34340214892,-166751.7595325231,298.1277179889743,303.22777579305955,214
140000,-232589.84016068862,65391.30497190215,-167198.53518878645,297.2547527510695,302.7979875738054,214
145000,-231663.64649565704,66324.01022793469,-165339.63626772235,301.4946294501307,302.6958586489825,214
150000,-231769.36856267578,64651.51899981039,-167117.8495628654,293.89184546060727,303.50763106870926,214
155000,-232522.25504781888,66581.22586106381,-165941.02918675507,302.66387617891763,302.8107504373022,214
160000,-232124.33810350136,65847.33119860478,-166277.00690489658,299.3277495099618,302.72334149850366,214
165000,-233506.95020191185,65273.64476963866,-168233.3054322732,296.71989487741934,301.34526139342563,214
170000,-233680.5732713102,65495.47482796793,-168185.09844334226,297.72828642381467,301.4941321821716,214
175000,-232887.14015234192,65214.75254035788,-167672.38761198404,296.45218351944385,303.1282295794743,214
180000,-231820.5946530688,65469.52438148437,-166351.07027158444,297.6103212974639,303.2478189206591,214
185000,-231706.25085589103,65541.83857719685,-166164.4122786942,297.9390460166929,304.58371216177744,214
190000,-232778.3116987627,66040.56265092856,-166737.74904783414,300.20613796862483,300.64347971437803,214
195000,-233025.99192572501,65886.61074220494,-167139.38118352008,299.5063058337124,300.85719738916185,214
200000,-233197.77057852875,66253.44370554155,-166944.3268729872,301.1738492764442,301.50196555422235,214
205000,-232397.3884569835,65257.475306440145,-167139.91315054335,296.64639198911857,300.4105844054946,214
210000,-232283.47749859188,65148.28003138851,-167135.19746720337,296.15001384677987,300.877838188887,214
215000,-232693.1649090799,65673.7136493118,-167019.4512597681,298.53852161933463,301.77809141977787,214
220000,-231939.14917193772,65090.08102147153,-166849.0681504662,295.88545371434844,303.6914429920379,214
225000,-232419.48354667425,65530.699993757415,-166888.78355291684,297.8884124214816,301.9168699900155,214
230000,-232230.34685540758,65580.62402618391,-166649.72282922367,298.11535629302006,301.7509952234482,214
235000,-232537.9264629723,65490.597961269435,-167047.32850170287,297.70611724084324,301.2931044437642,214
240000,-232905.8439291271,64819.96164880163,-168085.88228032546,294.65754937185574,301.13842024889675,214
245000,-232202.51703983336,64989.9891186138,-167212.52792121956,295.43045753635283,303.4099697100103,214
250000,-231415.92854052363,65429.49985638156,-165986.42868414207,297.4283784486627,303.23520346504563,214
255000,-232964.09400747018,65596.30632275366,-167367.78768471652,298.18664462701815,301.0457454331339,214
260000,-233422.73845141404,65176.07435387444,-168246.66409753961,296.2763608352975,301.06139128921086,214
265000,-233608.9979994623,65186.10495818395,-168422.89304127835,296.32195779662516,300.265345315927,214
270000,-231655.68893202348,65698.75721546425,-165956.93171655922,298.6523642635188,302.1659723261649,214
275000,-232795.77943959646,65783.39185907925,-167012.3875805172,299.0370950786135,302.5823273151989,214
280000,-232765.74290725845,64931.79656963679,-167833.94633762166,295.1659267739595,301.91547457200704,214
285000,-232698.20083136368,66176.95954934997,-166521.2412820137,300.826168817278,302.14553181726745,214
290000,-231973.4462430682,65161.49996486073,-166811.94627820747,296.2101088098236,302.87581714154254,214
295000,-232350.08856137563,64791.17047563114,-167558.9180857445,294.52667091537154,301.4918592189311,214
300000,-232645.58816773375,65880.25164584187,-166765.33652189188,299.47739875473707,301.0651391585788,214
305000,-232278.90300223115,65462.32523784012,-166816.57776439103,297.57759554493595,302.41418708978364,214
310000,-232657.46573327575,66192.00030425258,-166465.46542902317,300.8945408413826,301.6216654260704,214
315000,-232022.96146410075,64960.5876788703,-167062.37378523045,295.2968049397999,301.92016197466165,214
320000,-232875.39097476448,65860.78602884454,-167014.60494591994,299.3889122629906,298.7589478875378,214
325000,-232917.49535147008,65322.45299478294,-167595.04235668713,296.94176652998414,301.0788983682212,214
330000,-232447.73934912658,65260.36225598428,-167187.3770931423,296.65951543838014,302.68194568214403,214
335000,-233030.1951327033,65684.24392004509,-167345.9512126582,298.586389956334,301.90396277236226,214
340000,-232705.4681507093,66012.36928853579,-166693.0988621735,300.0779770308536,300.0671363110703,214
345000,-233100.96356271394,66058.41471825622,-167042.54884445772,300.28728961197953,302.1809602751617,214
350000,-232673.21830332605,65666.93986660801,-167006.27843671804,298.5077294657957,302.5914816715789,214
355000,-232498.0154025911,65817.06884141488,-166680.9465611762,299.19018336859153,302.0426136259767,214
360000,-233013.2884064645,65178.96233212596,-167834.32607433855,296.2894889608407,300.72085251078266,214
365000,-232546.1382307147,64973.859889620915,-167572.2783410938,295.3571375440633,300.55828110889956,214
370000,-231975.8711538813,65498.478934778366,-166477.39221910294,297.7419424447116,301.56135774091683,214
375000,-232179.16719014035,64835.02062275767,-167344.14656738268,294.72600421584315,302.150554548837,214
380000,-232148.42403818737,65553.05801959301,-166595.36601859436,297.990047179262,302.5045465793811,214
385000,-232797.04775175452,65571.97208848514,-167225.07566326938,298.07602645241553,301.14526882123545,214
390000,-232362.85282328306,65231.41256860318,-167131.44025467988,296.5279164105218,301.7128836702706,214
395000,-230834.17405672232,64922.52322532423,-165911.6508313981,295.1237721530662,304.31113383020136,214
400000,-233050.52605631272,66231.91028651281,-166818.61576979992,301.07596300315413,301.98508554882244,214
405000,-232081.15229757573,64880.14738899839,-167201.00490857734,294.93114075115324,303.2015587854486,214
410000,-232460.34502438898,66705.53244456754,-165754.81257982145,303.2289470665625,302.2733581960688,214
415000,-231564.1383571492,65875.32015326887,-165688.81820388034,299.4549812543353,303.09093565067906,214
420000,-232068.46180385188,65304.162732870784,-166764.2990709811,296.8586229486657,301.21364914495155,214
425000,-232859.02026074193,65395.968875913444,-167463.0513848285,297.2759538516489,301.50201279800194,214
430000,-231425.46630509407,65889.21168702474,-165536.25461806933,299.51812916725294,302.74159676731045,214
435000,-233233.27352038235,64591.320546542585,-168641.95297383977,293.61819629043384,302.6768258556518,214
440000,-231723.53823584598,65753.43794238067,-165970.1002934653,298.9009310411167,303.8213553255322,214
445000,-232952.99412266375,66194.72429560739,-166758.26982705636,300.90692351790227,303.3381606402905,214
450000,-232912.3698085479,65670.6010680662,-167241.7687404817,298.5243724970778,302.5687967618441,214
455000,-231814.3760486804,65528.97417038516,-166285.40187829523,297.8805672010806,302.34345196358686,214
460000,-231913.25056230836,65718.10729319183,-166195.14326911652,298.74032553869284,302.362212846066,214
465000,-232920.08466245537,65472.40253512631,-167447.68212732906,297.6234047624534,301.23251567759826,214
470000,-231463.81764642685,65524.47711002064,-165939.3405364062,297.8601245356936,303.85465940937524,214
475000,-232313.721833725,65219.71862353932,-167094.00321018568,296.4747582612826,303.32270532734435,214
480000,-231877.34070279822,65814.07573985093,-166063.2649629473,299.17657737516885,303.4365200353987,214
485000,-231607.15066096908,65420.16504930833,-166186.98561166076,297.3859444313308,302.60161087476075,214
490000,-232267.3694171079,65270.78386289405,-166996.58555421385,296.7068898131011,301.63599632764027,214
495000,-233181.9711485617,66171.50133878866,-167010.46980977303,300.8013569706332,302.44138866602066,214
500000,-232821.18611192843,65045.706499709515,-167775.47961221891,295.6837367200098,303.5539554557644,214
505000,-232261.75372762256,66139.35802471288,-166122.39570290968,300.65524040540646,304.2422902891571,214
510000,-232422.66221879073,65159.68005056493,-167262.9821682258,296.20183587240086,301.20245942644056,214
515000,-232455.5021989697,65411.477838612394,-167044.02436035732,297.3464542472976,300.61532267603695,214
520000,-232608.53622639808,65485.807266313,-167122.72896008508,297.68433977600455,302.46905424448806,214
525000,-232629.27537026932,65365.394090050366,-167263.88128021895,297.1369674769917,301.7616405042605,214
530000,-232587.16565711517,65792.35878638504,-166794.80687073013,299.07785679395727,302.2628041456776,214
535000,-231896.13704209425,65292.26873063343,-166603.86831146083,296.8045553827132,302.7534779687793,214
540000,-232368.58695684094,65375.929201652994,-166992.65775518795,297.18485781953785,303.21138281277524,214
545000,-232358.93630986218,64855.07782983096,-167503.85848003122,294.8171799483356,301.42159912532094,214
550000,-232382.51602577837,65641.04815338354,-166741.46787239483,298.3900313281588,301.6513814595539,214
555000,-232915.1367272979,64804.98151602381,-168110.1552112741,294.5894529228406,300.005512121727,214
560000,-232883.09762598807,65775.94780392529,-167107.14982206278,299.00325601124507,300.6381690579652,214
565000,-232341.0834681699,65614.78994638834,-166726.29352178157,298.27066718897544,301.71576515414046,214
570000,-233402.90056697442,65555.28127785539,-167847.61928911903,298.0001536312646,300.704265362572,214
575000,-232851.7501836787,65210.202938399365,-167641.54724527933,296.4315020113156,301.7653913694925,214
580000,-233063.79474549065,65282.06423117651,-167781.73051431414,296.7581679315939,301.3869178926257,214
585000,-232546.98059517355,65777.2921069637,-166769.68848820985,299.00936692258836,302.62708062087927,214
590000,-233176.14601569762,65816.44650420989,-167359.69951148774,299.18735435803615,300.61254174045797,214
595000,-233129.4913327142,65518.99232912832,-167610.4990035859,297.83519190606125,299.6776884785573,214
600000,-232996.69220912294,65348.07328589613,-167648.6189232268,297.05823084131015,301.2351057649283,214
605000,-232833.04634835804,65402.769857801264,-167430.27649055677,297.3068696468054,300.8306398202984,214
610000,-232197.76430117618,65554.57358276704,-166643.19071840914,297.9969366022024,301.80052425043704,214
615000,-231627.68257488264,65380.27720382949,-166247.40537105314,297.2046228985876,303.1594261079369,214
620000,-231726.41951748054,65060.01058791485,-166666.4089295657,295.74876001637364,303.877027675525,214
625000,-232258.57411603164,65340.001229431975,-166918.57288659966,297.02153701558706,302.9691792695586,214
630000,-233085.06592779816,65506.92196097621,-167578.14396682195,297.7803226187422,302.427211027132,214
635000,-232680.4076386653,66081.0770210689,-166599.3306175964,300.3903075471965,301.85366192182903,214
640000,-231794.21534541063,65339.41380786372,-166454.8015375469,297.01886672397706,303.79462101369677,214
645000,-232775.9196700314,65663.67409056675,-167112.24557946465,298.49288395307656,301.92639266933327,214
650000,-232742.6130698498,65385.42119068053,-167357.19187916926,297.22800635209444,300.54353200916967,214
655000,-232773.43718897412,66077.00253680657,-166696.43465216755,300.3717858215251,302.40907400110996,214
660000,-231652.3183670023,65470.98779837275,-166181.33056862955,297.61697367464944,303.9300664421138,214
665000,-232521.71135849226,65099.18204104877,-167422.5293174435,295.92682498420425,303.6820635542115,214
670000,-232677.62935397145,65046.17321060122,-167631.45614337025,295.68585828694864,302.0442620747213,214
675000,-232314.37295734137,65505.853913310275,-166808.5190440311,297.7754675046716,302.718117974764,214
680000,-231998.91554820118,66065.6694465907,-165933.24610161048,300.3202680405072,301.7779962306928,214
685000,-232330.85367205972,66051.45152039116,-166279.40215166856,300.25563641801705,302.38417668043456,214
690000,-232994.64679164463,66106.17073090747,-166888.47606073716,300.5043781337505,301.2232960217628,214
695000,-233415.34585006838,65284.26467797527,-168131.0811720931,296.7681706876084,301.39789557764954,214
700000,-232467.95077587594,65254.25141959725,-167213.6993562787,296.6317368956502,301.2152854945233,214
705000,-234351.69340757653,66082.72249804216,-168268.97090953437,300.3977875302166,299.24473930161,214
710000,-232501.4454738123,65211.473029119385,-167289.97244469292,296.43727556948386,301.14189887084143,214
715000,-232083.24621045892,66337.76734424295,-165745.47886621597,301.55716633035564,302.2881243620861,214
720000,-233882.32898397138,65411.095332733006,-168471.23365123838,297.3447154581627,299.7933721845561,214
725000,-232862.01184379729,66083.77062649583,-166778.24121730146,300.4025520958493,301.1135194270576,214
730000,-232411.37544302782,65517.867961114855,-166893.50748191297,297.8300807718518,300.17285848050005,214
735000,-232850.30203607306,65618.99221251736,-167231.3098235557,298.28976978342155,300.49715963799594,214
740000,-233052.04630644387,65364.229934275616,-167687.81637216825,297.13167547621066,300.5533947160463,214
745000,-232483.3936464833,65465.40938443795,-167017.98426204536,297.59161540942375,302.64010406730165,214
750000,-232809.40853314963,65373.72688295599,-167435.68165019364,297.17484655427813,299.8184279725764,214
755000,-231473.4475134362,65408.82004677784,-166064.62746665836,297.33437249950276,304.2508002166026,214
760000,-231484.52257004264,66118.84263473807,-165365.67993530456,300.56198187237703,304.06923420282544,214
765000,-231463.88327583415,65947.31462881537,-165516.56864701878,299.7822525947255,304.18484522464735,214
770000,-232743.9258658043,64988.114654694335,-167755.81121110998,295.42193662811957,302.093280573038,214
775000,-231929.27804408805,65903.14451322728,-166026.13353086077,299.58146478671694,301.94750829535286,214
780000,-232225.5296571178,65909.15218203771,-166316.37747508008,299.6087743519202,301.7982368523563,214
785000,-232315.77918126783,66221.70762200025,-166094.07155926758,301.0295838932956,301.1294847141372,214
790000,-232546.37801945582,66122.06244944176,-166424.31557001406,300.57661845477986,302.1937354531059,214
795000,-232806.40414526896,66243.7783857407,-166562.62575952825,301.12991281961865,301.89144023090506,214
800000,-232425.5663278452,65217.71430942509,-167207.85201842012,296.46564708210195,301.66249785130196,214
805000,-231793.79040477262,65517.37442438025,-166276.41598039237,297.82783726042345,302.16948547025424,214
810000,-232821.41920113307,65252.41118493199,-167569.00801620109,296.62337158621557,300.49831667358535,214
815000,-232688.80610697204,66331.84162462433,-166356.9644823477,301.5302292884834,302.48478306217714,214
820000,-231575.98414909816,65865.24604405393,-165710.73810504423,299.40918652910136,303.923905648154,214
825000,-232127.30433040997,65688.57706093765,-166438.72726947232,298.60608747919593,302.990915393908,214
830000,-231954.90224662307,65443.40368128475,-166511.49856533832,297.4915822344821,302.7886783288762,214
835000,-231891.51885941415,65303.91422086768,-166587.60463854647,296.85749326675966,303.74881715925363,214
840000,-232908.57980298647,65857.37322406025,-167051.2065789262,299.3733983893529,301.809387339296,214
845000,-232883.8705681793,65804.63994617306,-167079.23062200623,299.1336842945379,301.11593283143173,214
850000,-231481.03419105383,64944.71093870653,-166536.3232523473,295.22463270720874,302.9001306208054,214
855000,-232369.3016587065,65929.05543969257,-166440.24621901393,299.699250263598,300.331171818935,214
860000,-232821.082535272,65732.05427416123,-167089.02826111077,298.80372550267066,301.9021140349502,214
865000,-232262.2589066103,65225.32163308321,-167036.9372735271,296.5002283328364,301.7640923128972,214
870000,-232600.975112434,65583.90878684088,-167017.06632559313,298.13028810570296,301.95540086336734,214
875000,-231410.0683112191,66168.1754163538,-165241.8928948653,300.7862380453959,302.5016622933625,214
880000,-232285.1071909084,65885.43498631357,-166399.67220459483,299.50096110130596,302.02891954868045,214
885000,-232545.29744804418,65643.72939182975,-166901.56805621443,298.40221965918744,303.4053917433229,214
890000,-231626.80106620467,64997.588298348244,-166629.21276785643,295.4650017665689,303.0664928361104,214
895000,-232677.7891710142,65860.68279216392,-166817.1063788503,299.38844297133187,300.53598346367824,214
900000,-232725.7866244011,66012.99911298824,-166712.78751141287,300.08084007681924,301.7785806323964,214
905000,-231867.77526381286,65324.85442285193,-166542.92084096093,296.9526829034562,302.9389868802259,214
910000,-232697.96240213723,65902.94881559873,-166795.0135865385,299.58057518755373,303.3241244675134,214
915000,-231945.52101091784,65265.174906957196,-166680.34610396065,296.68139271052894,302.06042775972605,214
920000,-232514.10326923826,65962.1510387928,-166551.95223044546,299.8496957109234,301.88039250249346,214
925000,-232900.2920843272,65464.31454842258,-167435.97753590462,297.5866385213009,301.6103061056394,214
930000,-232369.8435018824,65223.032573347096,-167146.8109285353,296.4898227615425,301.4725441381219,214
935000,-233122.1409926708,65535.54331575974,-167586.59767691104,297.91042911750736,301.7072013809472,214
940000,-232484.60871062055,65308.07822779915,-167176.5304828214,296.8764219431548,301.0435662142377,214
945000,-232784.52166796825,65342.66409009474,-167441.8575778735,297.03364180518037,300.2249988497708,214
950000,-231762.47366765887,64943.19798263261,-166819.27568502625,295.21775513558254,303.56713348957294,214
955000,-232302.2179972194,65867.32044714212,-166434.8975500773,299.41861631762373,302.47926305906,214
960000,-231919.35635817377,65575.75067919999,-166343.60567897378,298.09320310991114,301.28495496864764,214
965000,-233028.31691787136,65960.75766899856,-167067.5592488728,299.8433617527029,302.18419265126244,214
970000,-232235.36241710302,65257.86744247883,-166977.4949746242,296.6481745548783,300.72839380991985,214
975000,-232764.74261414586,65412.9382698501,-167351.80434429576,297.3530930523598,301.766518666037,214
980000,-232781.52363818116,65967.19533438323,-166814.32830379793,299.87262598948536,302.0227363565458,214
985000,-232724.3372068142,65235.59229144384,-167488.74491537036,296.54691652804667,302.05055057559696,214
990000,-231895.00637816242,65052.948217986384,-166842.05816017604,295.7166560076247,302.8855486813048,214
995000,-232458.8124705013,65498.275307931704,-166960.53716256958,297.7410168010349,301.7002824999881,214
1000000,-232195.832731592,65203.38297205325,-166992.44975953875,296.4004999169109,301.2699067218019,214
1005000,-233160.12781228032,65822.44020974892,-167337.6876025314,299.2146004492226,301.39314726797824,214
1010000,-232210.07102192892,66081.00212755142,-166129.0688943775,300.38996709743753,302.22091887231204,214
1015000,-233313.6489361322,65330.219884553226,-167983.42905157898,296.97707313381017,301.0376043745376,214
1020000,-232327.9661880748,65555.47624931775,-166772.48993875703,298.0010399294332,301.75183915255207,214
1025000,-232270.03854621598,64814.672524368216,-167455.36602184776,294.6335061542383,302.5435356375375,214
1030000,-233023.1007819397,65321.83188845625,-167701.26889348344,296.9389431147357,302.29117725846965,214
1035000,-232442.93352298997,66185.59649108653,-166257.33703190344,300.86543048947635,301.55208226556675,214
1040000,-233164.56409665616,65329.485904233414,-167835.07819242275,296.9737366177614,301.5698437377538,214
1045000,-232474.9510138433,65739.44815171513,-166735.50286212817,298.83733647350385,300.6228876171905,214
1050000,-232416.5459745396,65088.784902559244,-167327.76107198035,295.87956183763833,300.9232259838879,214
1055000,-232631.45884540048,66142.45612501133,-166489.00272038917,300.6693237004043,302.16299887800085,214
1060000,-231966.06047223252,65307.71112712397,-166658.34934510855,296.8747531827518,303.2153649743565,214
1065000,-232284.7878807329,65807.80714119729,-166476.98073953562,299.1480816792398,300.7764014309335,214
1070000,-232690.7419658287,65673.98256922001,-167016.7593966087,298.5397440711707,302.7002836038413,214
1075000,-232403.2583891626,65180.58387945709,-167222.6745097055,296.29686016487454,301.57812945275003,214
1080000,-232106.85001386935,64954.01712837431,-167152.83288549504,295.2669366359947,303.2846151002792,214
1085000,-232830.45175403147,65244.978917576314,-167585.47283645516,296.58958610363277,301.06683107356713,214
1090000,-232140.63040705048,65817.80964360939,-166322.8207634411,299.19355089540966,301.89497843946333,214
1095000,-233050.49888128182,65401.36441760545,-167649.13446367637,297.3004808191456,300.65276565978957,214
1100000,-232531.9951326626,65839.09273405623,-166692.90239860635,299.2902992290188,302.77475194533895,214
1105000,-232653.21287846076,66371.40957539657,-166281.8033030642,301.7100966489639,301.5105437823768,214
1110000,-232991.50156155252,64960.48454464844,-168031.01701690408,295.2963361138967,301.2077499782981,214
1115000,-233146.57142432965,66097.79871486279,-167048.77270946687,300.4663207565432,300.86393310666733,214
1120000,-232890.55828368734,65002.733346169116,-167887.82493751822,295.48839004301544,301.0510403443747,214
1125000,-233635.71377185197,65778.48522120807,-167857.2285506439,299.01479056231943,299.70009699190365,214
1130000,-233360.74439530238,65418.14547701535,-167942.59891828703,297.37676389176414,301.26446459458776,214
1135000,-232899.65783058223,65801.05547367712,-167098.60235690512,299.1173900565504,301.332990662577,214
1140000,-232129.15301365475,65300.012473108945,-166829.1405405458,296.8397567639353,303.7662980251767,214
1145000,-233317.95858277055,65485.38481315714,-167832.5737696134,297.6824193951765,300.25272675411463,214
1150000,-233219.3359618662,65175.99114191218,-168043.344819954,296.27598257168466,300.8432778731811,214
1155000,-232642.3924387521,66065.22068752756,-166577.17175122455,300.31822807870464,303.0715441652986,214
1160000,-232550.49261101498,65515.82486906997,-167034.667741945,297.82079331657144,302.10197527865705,214
1165000,-231271.50651506823,65943.9157057596,-165327.59080930863,299.76680182442817,303.449197466485,214
1170000,-232235.0516001077,66002.47916855413,-166232.57243155356,300.0330186809462,302.13048775262325,214
1175000,-232365.10558925243,65721.25349263404,-166643.8520966184,298.7546274820124,301.48932795955125,214
1180000,-232829.6132629509,65343.31829103199,-167486.29497191892,297.0366156613825,300.8022384203862,214
1185000,-232790.59702573996,64821.53679345036,-167969.0602322896,294.66470963931494,299.5520642706366,214
1190000,-233069.47330497764,65907.65131069892,-167161.82199427873,299.60195171489045,300.1031950228901,214
1195000,-233304.71161930682,65725.76004000264,-167578.95157930418,298.7751132732715,300.9912695228066,214
1200000,-232043.85089936922,65515.184294898296,-166528.66660447093,297.8178814047033,302.5716278515301,214
1205000,-232217.3551673235,65479.26841360016,-166738.08675372333,297.6546155634772,302.3839530843322,214
1210000,-233245.3698942482,65190.79944729747,-168054.57044695073,296.3432979304752,300.98633952641876,214
1215000,-233586.7697717999,65628.3743901808,-167958.3953816191,298.332419137228,300.35431641499594,214
1220000,-232837.3684092462,65636.64951169281,-167200.7188975534,298.3700360528117,303.2442462298411,214
1225000,-232931.18759100302,65718.98044217355,-167212.20714882948,298.7442946854286,300.9207651908976,214
1230000,-232699.6691508193,66089.3954257092,-166610.2737251101,300.4281212185356,300.5721807287631,214
1235000,-232958.16980790137,65658.41586408444,-167299.75394381693,298.4689811908732,301.8704760066464,214
1240000,-232375.9367517652,65400.68542827992,-166975.25132348528,297.2973942802829,301.4772634239246,214
1245000,-232761.35433833394,64895.33491819835,-167866.0194201356,295.00017997952125,301.7871129443491,214
1250000,-233030.24006924732,65720.6977967851,-167309.54227246222,298.752101408672,301.6738473431699,214
1255000,-232244.09832002176,65121.2106716102,-167122.88764841156,296.0269623821931,304.03888231325845,214
1260000,-231577.0785282643,65560.495738181,-166016.5827900833,298.02385744196977,303.0623677629475,214
1265000,-232096.54610730172,65815.26412383025,-166281.28198347148,299.18197951213637,302.00073865268223,214
1270000,-233367.5286157967,65415.58817038322,-167951.9404454135,297.3651389280023,301.5937142674012,214
1275000,-232221.9571719831,65127.06573764875,-167094.89143433433,296.0535782481462,301.52997762708156,214
1280000,-233360.19428752107,65936.80874497816,-167423.3855425429,299.7344951152899,300.4392447520265,214
1285000,-233108.83125219774,65039.770846419735,-168069.060405778,295.65675452181347,298.91371816745516,214
1290000,-232136.96802543942,65453.70892400213,-166683.2591014373,297.5384276427105,300.87924069762437,214
1295000,-232500.71645800723,66112.32257496525,-166388.39388304198,300.5323430884971,301.8821528407424,214
1300000,-232791.6348255272,65333.556329223386,-167458.07849630382,296.99223989085715,300.96560915520797,214
1305000,-231706.98762565083,64664.60009369708,-167042.38753195375,293.9513092888742,303.58386940091333,214
1310000,-232492.92152481666,65906.1278367962,-166586.79368802047,299.59502633148554,303.21746211609377,214
1315000,-232742.94251786685,65720.75360061601,-167022.18891725084,298.75235508083784,301.96026120090215,214
1320000,-232992.00211595325,65668.36467949208,-167323.63743646117,298.5142063575133,302.2498863364777,214
1325000,-232953.4038536586,65094.991573566105,-167858.41228009248,295.9077760238569,302.1898772147903,214
1330000,-230857.03497352893,65837.02133307257,-165020.01364045637,299.28088308741536,303.7463857347693,214
1335000,-231856.87208846095,65534.1871047013,-166322.68498375965,297.90426407487627,302.9056978587076,214
1340000,-232034.58984454232,65411.60272936942,-166622.9871151729,297.34702197371195,302.61071849804443,214
1345000,-231749.19003977953,65194.745776807016,-166554.4442629725,296.36123709231236,305.0107662622729,214
1350000,-232600.53818429355,65997.33291512652,-166603.20526916703,300.0096249240718,303.7647632179624,214
1355000,-233262.1843657184,65667.81106198754,-167594.37330373086,298.5116897318777,301.77519362469513,214
1360000,-232757.33011501492,65553.51893553673,-167203.8111794782,297.99214240361863,301.7162643591904,214
1365000,-232518.401871874,65697.22389547632,-166821.17797639768,298.6453941219365,300.46396049739474,214
1370000,-232092.75801837957,65643.38956602977,-166449.3684523498,298.40067488447784,302.8853025953897,214
1375000,-232036.4505670634,66050.58738190122,-165985.8631851622,300.25170823103133,303.6082976868439,214
1380000,-231725.37943536602,65963.37295224966,-165762.00648311636,299.85525026565597,302.6422327593962,214
1385000,-233158.30348148453,65690.73086926731,-167467.57261221722,298.61587822680036,301.1444190272604,214
1390000,-232339.93278498878,65662.68195992167,-166677.2508250671,298.4883739413903,302.4471276941626,214
1395000,-232530.13542599068,66099.44529450641,-166430.69013148427,300.4738057520646,301.0766636151647,214
1400000,-232803.10477557266,64566.56793150492,-168236.53684406774,293.5056762471938,302.9645768673188,214
1405000,-232009.51725670835,64851.07922984526,-167158.4380268631,294.79900317620036,301.5210437325713,214
1410000,-233055.04390543676,65970.66235849471,-167084.38154694205,299.8883863324772,300.8495030347037,214
1415000,-232601.23116546334,65295.16103721841,-167306.07012824493,296.81770318392574,300.0652198558634,214
1420000,-232268.29497105302,65830.49335293297,-166437.80161812005,299.2512082992582,302.3555732355144,214
1425000,-231785.03959837765,65787.29167264234,-165997.7479257353,299.0548227890021,301.87125237717436,214
1430000,-232140.616545249,65367.292909584474,-166773.32363566454,297.1455991005902,301.17214659234435,214
1435000,-232018.14545889734,65260.40506648569,-166757.74039241165,296.6597100456757,303.315389067239,214
1440000,-232135.35167187685,65142.96107135923,-166992.39060051762,296.1258350029859,302.1230129468299,214
1445000,-232910.90888059651,65841.95850209519,-167068.95037850132,299.30332639173145,300.42601970372635,214
1450000,-232587.53585337102,65334.88530468906,-167252.65054868197,296.9982811263644,301.0358381609922,214
1455000,-232913.45132618607,65855.85921131924,-167057.59211486683,299.3665160143462,301.58661724904334,214
1460000,-232884.36597850802,65507.52340763807,-167376.84257086995,297.78305666539933,301.5249509278613,214
1465000,-231607.30945610628,65314.28917768586,-166293.02027842042,296.9046555802372,301.8310409825275,214
1470000,-232513.77014229237,65974.1806451987,-166539.58949709366,299.9043797041457,302.32191207076414,214
1475000,-232758.61361545022,66013.62220552769,-166744.99140992254,300.083672520962,302.9444873706906,214
1480000,-232765.91247782344,65625.3355276566,-167140.57695016684,298.31860512436094,301.1838759097458,214
1485000,-232733.72107117763,65952.5091472941,-166781.21192388353,299.8058657541007,301.10103052076454,214
1490000,-232593.7875063757,65664.22470518574,-166929.56280118995,298.4953869282427,300.49930533815234,214
1495000,-232092.0332109558,65470.23217115342,-166621.80103980238,297.61353875646955,302.58176262163886,214
1500000,-231862.37226905255,65780.61995736742,-166081.75231168512,299.02449461195584,302.71822112645583,214
1505000,-232248.33486237563,64997.987905044516,-167250.34695733112,295.46681829232483,303.21169772769514,214
1510000,-231699.57445526705,65945.91195638181,-165753.66249888524,299.7758763487153,301.9778674104135,214
1515000,-232286.27171404753,66002.42139601045,-166283.8503180371,300.03275605943725,301.6877424681648,214
1520000,-233292.04907034198,65508.37965901266,-167783.66941132932,297.7869489992617,299.7242925155293,214
1525000,-232697.8492702085,65321.488337431336,-167376.36093277717,296.93738140595786,299.60677552366866,214
1530000,-232764.10791811394,65334.41328875115,-167429.69462936278,296.99613544383095,299.56881031350406,214
1535000,-232743.72490528785,65295.66108851621,-167448.06381677164,296.8199763091517,301.1004620385352,214
1540000,-231736.1055739543,65790.42044110468,-165945.6851328496,299.0690454948509,303.05830534235344,214
1545000,-231777.5959492682,65377.565308992285,-166400.03064027592,297.192295210225,300.98988718474175,214
1550000,-233035.50326116313,65314.24142206309,-167721.26183910004,296.90443849348776,300.9850999144811,214
1555000,-232922.34458879684,65898.23446571012,-167024.11012308672,299.5591447709085,301.95622450929477,214
1560000,-232293.82160880044,65122.46803603455,-167171.3535727659,296.03267808936914,302.8757622733299,214
1565000,-232215.18888736842,64816.6382022677,-167398.55068510072,294.6424417015294,302.97071475816455,214
1570000,-232024.7801348446,66060.29302813264,-165964.48710671195,300.2958280031027,301.8912927353242,214
1575000,-231696.23876740295,65617.29487849353,-166078.94388890942,298.28205406944693,304.09324826290623,214
1580000,-231260.93337608106,65667.76318245383,-165593.17019362724,298.51147208185586,303.7428546428172,214
1585000,-232631.82144111255,65636.16822232679,-166995.65321878577,298.3678482152764,302.12752580668905,214
1590000,-232349.64136237162,65681.9141827852,-166667.72717958642,298.57579947380026,301.81883828105777,214
1595000,-232273.13418090134,65464.411230186,-166808.72295071534,297.5870780157214,299.9323083121571,214
1600000,-232629.89011264755,65321.09542668291,-167308.79468596465,296.935595318535,301.78178458337345,214
1605000,-231943.2176950092,66018.54480977077,-165924.67288523843,300.10604961693525,302.59157276183095,214
1610000,-233162.39452761482,65710.8303342968,-167451.56419331802,298.7072460548371,300.22531435624467,214
1615000,-232669.15961659886,66480.90069186757,-166188.2589247313,302.2078196225154,300.6844434860506,214
1620000,-232335.56955111027,65708.4864326592,-166627.08311845106,298.6965911841008,300.64231898750336,214
1625000,-232272.47883554967,65565.9023372801,-166706.57649826957,298.0484346740516,302.4402387513487,214
1630000,-232028.5537772118,65152.20711425628,-166876.34666295553,296.1678655175393,300.82954032604056,214
1635000,-232670.8344292168,65623.59144182765,-167047.24298738915,298.3106768867752,300.08682855469294,214
1640000,-231781.90171235427,65538.62482574326,-166243.276886611,297.92443699651585,302.2648877348703,214
1645000,-232279.39988410706,66268.83050737984,-166010.56937672722,301.2437943551979,302.3025201879049,214
1650000,-232070.220925709,66024.91651744081,-166045.3044082682,300.135014024189,301.28650368778483,214
1655000,-232367.19530771254,65644.22165934974,-166722.9736483628,298.40445740104025,300.79009826976875,214
1660000,-232226.0545975687,65466.749374964595,-166759.3052226041,297.5977067170198,300.38606559677413,214
1665000,-232041.14401207026,65981.18668718683,-166059.95732488343,299.93622765824045,304.505117948557,214
1670000,-231647.9851088985,65462.37777279536,-166185.60733610313,297.57783435749883,303.71619097850294,214
1675000,-233580.92993663717,66259.16521679497,-167321.7647198422,301.1998580311819,301.23692703750294,214
1680000,-232454.9094362657,65508.819915733475,-166946.08952053223,297.7889503112519,302.30109257119926,214
1685000,-233001.10295520048,65570.39343583572,-167430.70951936475,298.0688502383427,301.22980106860405,214
1690000,-232157.7871092679,65026.88406592107,-167130.90304334683,295.5981740002512,301.68545093280267,214
1695000,-232451.80559526663,65429.98156883451,-167021.82402643212,297.43056820945986,302.65329379596545,214
1700000,-233229.01469999691,65821.62383509194,-167407.39086490497,299.21088938630817,300.2444533018115,214
1705000,-232820.4385409376,65679.3837998131,-167141.0547411245,298.56429689918343,300.60625709904434,214
1710000,-232353.7532601345,65833.43592120765,-166520.31733892683,299.26458457925935,301.5417116984755,214
1715000,-232841.59502937668,66549.39689752861,-166292.19813184807,302.51918858337194,299.6624591713994,214
1720000,-232731.59685293422,65303.132819791674,-167428.46403314255,296.85394118619257,301.60215829484684,214
1725000,-232886.961652552,66237.25496082997,-166649.70669172204,301.10025873854835,301.88286904855323,214
1730000,-231769.7101806095,66241.85052008706,-165527.85966052243,301.12114915863253,302.630138277363,214
1735000,-232203.21840022365,65097.113672489766,-167106.10472773388,295.91742262734857,300.56490432736865,214
1740000,-232504.05481676525,64736.23082902026,-167767.82398774498,294.27692714475,301.19984844030506,214
1745000,-232416.6801354068,65458.57619122788,-166958.1039441789,297.5605531885515,300.94038214406464,214
1750000,-231685.6057502441,65902.63391285541,-165782.9718373887,299.5791437076781,302.4212545466301,214
1755000,-232807.66387260635,65321.96478449355,-167485.6990881128,296.93954723142565,301.6479816055092,214
1760000,-232271.6241237414,65642.39379666327,-166629.23032707814,298.3961483319497,302.4559035896134,214
1765000,-232048.27570717945,65803.82270496245,-166244.453002217,299.1299692924577,302.5080382313114,214
1770000,-231857.25114284945,66125.75871721329,-165731.49242563616,300.5934208899507,302.02609222645526,214
1775000,-232354.21918113343,65954.72865208832,-166399.4905290451,299.8159551436475,301.49102381559504,214
1780000,-231883.1980129194,65530.71668010112,-166352.48133281828,297.88848827399704,304.3075057489805,214
1785000,-231567.37370294123,65578.21924398102,-165989.15445896023,298.10442467237954,303.61988535736316,214
1790000,-231790.47609981522,66418.26456175791,-165372.2115380573,301.9230892997755,303.34087276733703,214
1795000,-232037.35407242947,65139.175376637955,-166898.17869579152,296.10862605221115,302.309367154139,214
1800000,-232446.49399210792,66029.15765160951,-166417.3363404984,300.1542933043508,302.3071372402552,214
1805000,-232883.52640656265,65455.709566290374,-167427.81684027228,297.5475221305631,301.12989619783747,214
1810000,-232885.8732679705,65687.76373116567,-167198.10953680484,298.6023902576712,302.68060936881136,214
1815000,-232424.21904385858,65606.91098376829,-166817.3080600903,298.2348511261738,301.9935887326949,214
1820000,-233122.4192444426,65368.096466519346,-167754.32277792325,297.1492518969077,301.55420570735953,214
1825000,-231644.30442263884,64628.44537606483,-167015.859046574,293.78695774924404,304.02662192489623,214
1830000,-232382.47412333754,65841.95186178433,-166540.5222615532,299.3032962063121,301.9182747758405,214
1835000,-231541.80869254982,65543.81073868508,-165997.99795386475,297.9480110369784,303.74280689302213,214
1840000,-232669.2295097774,65039.11177190964,-167630.11773786775,295.6537585114015,301.6196157290028,214
1845000,-233481.2755482681,65115.687256755424,-168365.5882915127,296.00185413090946,299.727748351522,214
1850000,-232511.3107051712,65423.818754717126,-167087.49195045407,297.402553387191,300.7360423631757,214
1855000,-233178.799194359,65007.15824264672,-168171.64095171227,295.50850466695454,300.20251685763054,214
1860000,-232560.6086150438,66055.41472437489,-166505.19389066892,300.27365228757026,301.74924409739333,214
1865000,-232267.60100498423,66016.25462685847,-166251.34637812577,300.0956389399248,300.45301564790617,214
1870000,-233805.0498721539,64624.51484206482,-169180.5350300891,293.7690903903826,299.3206967414801,214
1875000,-232489.52661120356,65590.78175085201,-166898.74486035155,298.1615311160493,301.4267549420531,214
1880000,-231826.188202593,65232.542495741625,-166593.64570685138,296.5330528153131,303.3089580396942,214
1885000,-232275.05308114178,65490.62131811514,-166784.43176302663,297.7062234160205,302.2235987995838,214
1890000,-233340.81985562015,65008.69963132744,-168332.1202242927,295.515511487072,301.8294915694082,214
1895000,-233294.29903409025,66170.78946504835,-167123.5095690419,300.79812094632155,299.9448357323157,214
1900000,-232350.6771549445,65690.05316262541,-166660.6239923191,298.6127975187404,301.83212878479213,214
1905000,-231869.66070364253,64904.598487314535,-166965.062216328,295.04229016448244,302.00229044280013,214
1910000,-232105.23370444123,65367.234808257665,-166737.99889618356,297.1453349845041,301.09915739919796,214
1915000,-232534.5210835673,65039.87371212072,-167494.64737144657,295.6572221270788,301.2790578045066,214
1920000,-232208.42399344454,64747.34939713939,-167461.07459630514,294.327469754637,301.62787573657687,214
1925000,-232722.24778127694,66165.10788629507,-166557.13989498187,300.7722937161069,301.7843659594839,214
1930000,-233091.2935195407,65550.44484889938,-167540.8486706413,297.97816826953897,299.63331242769317,214
1935000,-233503.59598957025,65944.52979738917,-167559.06619218108,299.76959335237814,299.7908726394115,214
1940000,-231819.37731358502,65488.71790398493,-166330.65940960008,297.69757090638024,300.1541643504808,214
1945000,-232617.44482869678,65629.47310274874,-166987.97172594804,298.33741364732174,301.2347170154157,214
1950000,-232512.40829108306,65513.29531328121,-166999.11297780185,297.8092945021514,302.13322104981376,214
1955000,-232939.8476596335,65994.04521334614,-166945.80244628736,299.9946797416768,301.8067272869175,214
1960000,-232996.8103820989,65856.49674878828,-167140.3136333106,299.36941412201986,300.5882521181215,214
1965000,-232535.36319809593,65619.02864118642,-166916.3345569095,298.2899353802852,300.9317826224958,214
1970000,-232923.31373605714,65709.74803790043,-167213.56569815672,298.7023261691146,300.0162563044623,214
1975000,-232595.6602478167,65282.1087743277,-167313.551473489,296.7583704151412,302.74999942877224,214
1980000,-233802.29327979125,65587.733404745,-168214.55987504625,298.1476739928625,300.7571100758745,214
1985000,-232837.99029650283,66166.04898752697,-166671.94130897586,300.77657175909934,301.8785999878167,214
1990000,-232008.20174780325,65509.88287915592,-166498.31886864733,297.7937823134494,302.4629915413139,214
1995000,-233230.12921225466,65457.89223375486,-167772.2369784998,297.55744406556306,301.1146510535118,214
2000000,-232466.81930408394,65945.5395881309,-166521.27971595305,299.77418364305043,300.0890560915833,214
2005000,-233073.32606969634,65500.033116816194,-167573.29295288015,297.749007420668,301.04840411263643,214
2010000,-232191.5366663353,65404.94438851037,-166786.59227782494,297.31675459387236,302.0580917342143,214
2015000,-231363.7469364393,65879.14022016712,-165484.6067162722,299.47234645360476,303.35654850441614,214
2020000,-232050.0477633255,65455.41375641711,-166594.6340069084,297.54617744275214,303.25487091481506,214
2025000,-232677.49536217027,65336.319001355674,-167341.1763608146,297.00479840183914,301.76610941413315,214
2030000,-233333.69361258065,65538.71543924278,-167794.97817333788,297.92484890591885,300.3655530196967,214
2035000,-232264.81696195249,64938.57542839076,-167326.24153356173,295.1967420021265,302.12819446883776,214
2040000,-231896.68562373915,65682.80677499872,-166213.87884874042,298.5798570052695,301.71916617942065,214
2045000,-232202.98876378965,65210.74402638152,-166992.24473740812,296.4339616804478,301.2467476599848,214
2050000,-231704.84033558588,65102.766087537486,-166602.0742480484,295.94311728565486,303.4365753298375,214
2055000,-232121.1872049952,65606.05384485103,-166515.13336014416,298.2309547577341,303.2903027293972,214
2060000,-232097.69126033084,64960.82018470159,-167136.87107562926,295.29786186110505,304.1760711135595,214
2065000,-231408.8238593468,65756.24979752512,-165652.57406182168,298.913713127452,303.64624724312444,214
2070000,-232802.93123248033,66373.75799941225,-166429.17323306808,301.7207720774545,301.58960618829326,214
2075000,-233074.61740249977,65449.00550831051,-167625.61189418926,297.5170469305638,300.6537234133555,214
2080000,-233284.5923276362,65893.33056249066,-167391.26176514552,299.53685268575066,301.7144461981952,214
2085000,-232821.2077353429,65821.44712306058,-166999.76061228232,299.2100860915702,301.36270742992986,214
2090000,-232059.34610284003,65597.64826697903,-166461.697835861,298.1927448157067,301.9187250598525,214
2095000,-232137.5364671531,65701.35751876845,-166436.17894838465,298.66418468086783,300.2412442579337,214
2100000,-231553.32207704708,65898.09298822121,-165655.22908882587,299.5585016447925,302.38890135670584,214
2105000,-232449.68430988397,65741.72844418162,-166707.95586570236,298.8477021906832,301.88694428027264,214
2110000,-232289.10576319252,66061.8221968743,-166227.28356631822,300.3027792740158,302.04778186785273,214
2115000,-231939.83565183217,66153.69849950766,-165786.1371523245,300.7204291073491,303.2867755716737,214
2120000,-231447.95857233508,65490.76741129719,-165957.1911610379,297.7068875240808,302.2003736893462,214
2125000,-232468.8639495219,66259.53753880563,-166209.32641071628,301.20155052664853,301.841546107207,214
2130000,-232438.61366401752,65850.48826408386,-166588.12539993366,299.3421008479387,301.2467624675139,214
2135000,-232593.44921358814,65015.76889677439,-167577.68031681376,295.54764684135904,301.9406243598973,214
2140000,-231632.1279151584,65544.1687951893,-166087.9591199691,297.94963868453306,302.4553363670441,214
2145000,-231633.60208735336,66094.83692510269,-165538.76516225067,300.4528570998198,303.47245475781625,214
2150000,-231712.74035868444,65675.75328680268,-166036.98707188177,298.5477933709584,302.1209698193943,214
2155000,-231206.76680998993,65406.69929373765,-165800.06751625228,297.32473201410676,303.2971318300669,214
2160000,-232129.73727445956,65391.356332599025,-166738.38094186055,297.25498622570734,302.8884148872081,214
2165000,-231383.54887183174,65636.46437185694,-165747.0844999748,298.3691944470943,303.1795235542351,214
2170000,-232721.1430280062,65697.51382138953,-167023.62920661666,298.6467120625355,303.221747003589,214
2175000,-232868.9369584259,65718.65642605489,-167150.28053237102,298.74282177811654,302.633616529139,214
2180000,-232124.9982057612,65455.59840389015,-166669.39980187104,297.5470168102945,301.33813248329017,214
2185000,-231928.32017897652,65031.075434776256,-166897.24474420026,295.6172270580434,302.4639743349203,214
2190000,-232688.1493583154,66229.77420965885,-166458.37514865655,301.06625285900947,301.1672791813199,214
2195000,-233191.56587213557,65465.939384878555,-167725.62648725702,297.5940246769861,302.42721935308396,214
2200000,-232258.57832466252,66144.65638779663,-166113.9219368659,300.6793256199333,302.8560031622331,214
2205000,-231760.1771942575,64924.290711028036,-166835.88648322946,295.1318067614305,303.1978157185874,214
2210000,-232281.73039605631,65284.67350916425,-166997.05688689207,296.77002914591645,302.1037984621104,214
2215000,-232295.31416103407,64925.393593130866,-167369.9205679032,295.1368202253296,303.49699583029,214
2220000,-232195.68400814664,65879.10315668932,-166316.58085145731,299.4721779710377,303.4789432555424,214
2225000,-231736.03707165294,65280.06269735651,-166455.97437429643,296.7490693910304,301.87162893406867,214
2230000,-232898.59338204795,65198.89135279856,-167699.7020292494,296.38008198563426,301.2683258158217,214
2235000,-233238.882305393,65774.63883854682,-167464.24346684618,298.9973057372735,299.6569850445945,214
2240000,-231388.207826311,65420.39603945962,-165967.81178685138,297.38699446268197,302.8553279013551,214
2245000,-232237.93486587354,65180.91228376562,-167057.02258210792,296.2983530199503,303.62950980329816,214
2250000,-231641.98812100664,65061.29744589445,-166580.6906751122,295.75460979488344,302.0280348685033,214
2255000,-232578.41806144267,65342.58006002447,-167235.83800141822,297.0332598226252,301.5172070335006,214
2260000,-231887.4299469795,66385.82084882655,-165501.60909815296,301.7756071862149,302.1486498963132,214
2265000,-232634.91753495578,66007.64935958246,-166627.26817537332,300.05652125298485,301.2202179455297,214
2270000,-232275.98485611612,65439.80526748393,-166836.1795886322,297.4752246223329,302.17778044956566,214
2275000,-231707.37962822733,65187.88141423871,-166519.4982139886,296.33003318226787,301.5972825938051,214
2280000,-232197.303545397,66111.80410095048,-166085.49944444653,300.52998621757774,301.7574446872647,214
2285000,-232547.08648181893,65699.79424851097,-166847.29223330796,298.6570783918272,302.0133616921182,214
2290000,-232258.57918529655,65237.50956361473,-167021.06962168182,296.5556320333476,301.9398830901277,214
2295000,-232309.55858218344,64956.178360341,-167353.38022184244,295.2767611298501,301.16220266294437,214
2300000,-232241.05763473804,65099.701970775204,-167141.35566396284,295.92918847247455,301.68239582833604,214
2305000,-232425.5654117358,65819.79306036828,-166605.77235136752,299.2025670797253,301.71845334734985,214
2310000,-232469.62673930102,65882.58528785885,-166587.04145144217,299.4880069874534,301.7837764379369,214
2315000,-232595.19621623354,65726.96793747623,-166868.2282787573,298.78060411437053,301.17887084788157,214
2320000,-231282.968409576,65111.230049365084,-166171.7383602109,295.9815926285378,303.2668060881793,214
2325000,-232555.54904941563,65771.37993741757,-166784.16911199805,298.9824914764199,301.3120213411209,214
2330000,-232672.0019923374,65694.84903907427,-166977.15295326314,298.6345985375249,301.5976747068303,214
2335000,-232192.18311495124,65469.43937835394,-166722.7437365973,297.60993489158733,301.3663642859514,214
2340000,-231771.0818634918,66232.61238827067,-165538.46947522112,301.0791546061437,303.24974237962454,214
2345000,-232575.92383807898,65266.99535021011,-167308.92848786886,296.6896680524765,301.4048799557281,214
2350000,-232863.5008433573,64914.03357881727,-167949.46726454003,295.0851800531769,300.65247560880437,214
2355000,-231515.8531358235,65807.56566475792,-165708.2874710656,299.1469839794873,302.8710325706518,214
2360000,-232704.04966171668,65077.99628071801,-167626.05338099867,295.8305190922868,300.1287729180094,214
2365000,-233583.93057188904,65948.28522023291,-167635.64535165613,299.7866646937341,299.0819543305709,214
2370000,-233359.4438545336,65553.40488692932,-167806.03896760428,297.99162396327534,300.25489823717834,214
2375000,-232813.02876423043,65518.414435477694,-167294.61432875274,297.8325649263075,301.35215803757933,214
2380000,-231195.47509653517,65399.38454284577,-165796.0905536894,297.2914807359936,304.0008241591153,214
2385000,-232996.12085048878,66166.29865850275,-166829.82219198602,300.77770670944494,299.75047835661724,214
2390000,-232399.0506382673,65800.06349998398,-166598.98713828332,299.11288075833374,301.5718454442323,214
2395000,-232571.2243172326,65477.42158652161,-167093.802730711,297.6462202863551,300.6933596113223,214
2400000,-232844.78175223782,65750.21267323662,-167094.5690790012,298.8862696640057,301.31458960997276,214
2405000,-231497.3699295316,65111.42043545266,-166385.94949407893,295.98245808258275,303.1312685553113,214
2410000,-232283.93838006747,65213.02445614559,-167070.91392392188,296.4443280217523,301.1800333210214,214
2415000,-231931.98638111493,65457.89803719529,-166474.08834391963,297.55747044675013,301.6557930189253,214
2420000,-232452.4372963952,65303.74808959325,-167148.68920680194,296.85673806985807,303.4784479768085,214
2425000,-232274.77783282846,65653.80989802699,-166620.96793480148,298.4480434637216,301.6496244337818,214
2430000,-232719.15284325927,65835.09512211382,-166884.05772114545,299.272126948315,301.6682253675162,214
2435000,-232196.92490253597,65289.95302026812,-166906.97188226786,296.7940286634135,301.6649423417069,214
2440000,-231432.57131068571,65671.91811758257,-165760.65319310315,298.5303595197946,303.3265457263251,214
2445000,-232227.92548787338,65065.923143580265,-167162.0023442931,295.775637217757,302.5230376829024,214
2450000,-231437.12454691692,64926.27519853678,-166510.84934838014,295.14082781314374,303.0179099591127,214
2455000,-231724.6292043086,66015.36688354553,-165709.26232076308,300.0916034505106,302.17489116768894,214
2460000,-231541.3019112046,66001.1348652225,-165540.1670459821,300.02690776827,301.98122955094505,214
2465000,-232016.08400458586,64971.56843711436,-167044.5155674715,295.34672109575155,302.1069913687314,214
2470000,-231854.3187294125,65631.25309328618,-166223.06563612632,298.3455050999596,302.3146496970325,214
2475000,-231803.12735423353,65838.20092050754,-165964.92643372598,299.28624523719174,303.8079025064824,214
2480000,-232231.29114233446,65799.49061223643,-166431.80053009803,299.11027653433456,301.35031968541523,214
2485000,-232712.2220091836,64923.84644175295,-167788.37556743066,295.129787209235,302.31042284719837,214
2490000,-232304.07299038582,65445.356210600294,-166858.71677978552,297.50045801114965,302.14595597696797,214
2495000,-232745.6368970694,65949.65257850476,-166795.98431856465,299.7928804091904,303.27906692685775,214
2500000,-231564.25655538356,65226.01046361384,-166338.24609176972,296.5033596076926,303.97717887766913,214
